[INFO] [1686812045] [loop begin...] [http_server.hpp] [34]
[INFO] [1686812045] [create socket success...] [tcp_server.hpp] [67]
[INFO] [1686812045] [bind socket sucess...] [tcp_server.hpp] [81]
[INFO] [1686812045] [listen socket success...] [tcp_server.hpp] [89]
[INFO] [1686812045] [tcp_server init success...] [tcp_server.hpp] [55]
[INFO] [1686812071] [get a new link...] [http_server.hpp] [44]
[INFO] [1686812071] [create thread pool sucess!] [thread_pool.hpp] [82]
[INFO] [1686812071] [handler request begin...] [process_protocol.hpp] [576]
[INFO] [1686812099] [loop begin...] [http_server.hpp] [34]
[INFO] [1686812099] [create socket success...] [tcp_server.hpp] [67]
[FATAL] [1686812099] [bind error!] [tcp_server.hpp] [78]
[INFO] [1686812124] [get a new link...] [http_server.hpp] [44]
[INFO] [1686812124] [handler request begin...] [process_protocol.hpp] [576]
[WARNING] [1686812126] [Recv error, Stop Build and Send] [process_protocol.hpp] [592]
[INFO] [1686812126] [handler request end...] [process_protocol.hpp] [598]
[INFO] [1686812166] [loop begin...] [http_server.hpp] [34]
[INFO] [1686812166] [create socket success...] [tcp_server.hpp] [67]
[FATAL] [1686812166] [bind error!] [tcp_server.hpp] [78]
[INFO] [1686812353] [get a new link...] [http_server.hpp] [44]
[INFO] [1686812353] [handler request begin...] [process_protocol.hpp] [576]
[INFO] [1686812353] [get a new link...] [http_server.hpp] [44]
[INFO] [1686812353] [handler request begin...] [process_protocol.hpp] [576]
[INFO] [1686812353] [GET / HTTP/1.1] [process_protocol.hpp] [121]
[INFO] [1686812353] [Recv no error, Begin Build and Send] [process_protocol.hpp] [587]
[INFO] [1686812353] [wwwroot/index.html open success!] [process_protocol.hpp] [417]
[INFO] [1686812353] [handler request end...] [process_protocol.hpp] [598]
[INFO] [1686812354] [get a new link...] [http_server.hpp] [44]
[INFO] [1686812354] [handler request begin...] [process_protocol.hpp] [576]
[INFO] [1686812354] [GET /favicon.ico HTTP/1.1] [process_protocol.hpp] [121]
[INFO] [1686812354] [Recv no error, Begin Build and Send] [process_protocol.hpp] [587]
[WARNING] [1686812354] [wwwroot/favicon.ico NOT_FOUND] [process_protocol.hpp] [475]
[INFO] [1686812354] [handler request end...] [process_protocol.hpp] [598]
[INFO] [1686812365] [get a new link...] [http_server.hpp] [44]
[INFO] [1686812365] [handler request begin...] [process_protocol.hpp] [576]
[WARNING] [1686812415] [Recv error, Stop Build and Send] [process_protocol.hpp] [592]
[INFO] [1686812415] [handler request end...] [process_protocol.hpp] [598]
[WARNING] [1686812427] [Recv error, Stop Build and Send] [process_protocol.hpp] [592]
[INFO] [1686812427] [handler request end...] [process_protocol.hpp] [598]
[INFO] [1686812431] [get a new link...] [http_server.hpp] [44]
[INFO] [1686812431] [handler request begin...] [process_protocol.hpp] [576]
[INFO] [1686812431] [get a new link...] [http_server.hpp] [44]
[INFO] [1686812431] [handler request begin...] [process_protocol.hpp] [576]
[INFO] [1686812431] [GET / HTTP/1.1] [process_protocol.hpp] [121]
[INFO] [1686812431] [Recv no error, Begin Build and Send] [process_protocol.hpp] [587]
[INFO] [1686812431] [wwwroot/index.html open success!] [process_protocol.hpp] [417]
[INFO] [1686812431] [handler request end...] [process_protocol.hpp] [598]
[INFO] [1686812431] [get a new link...] [http_server.hpp] [44]
[INFO] [1686812431] [handler request begin...] [process_protocol.hpp] [576]
[INFO] [1686812488] [loop begin...] [http_server.hpp] [34]
[INFO] [1686812488] [create socket success...] [tcp_server.hpp] [67]
[INFO] [1686812488] [bind socket sucess...] [tcp_server.hpp] [81]
[INFO] [1686812488] [listen socket success...] [tcp_server.hpp] [89]
[INFO] [1686812488] [tcp_server init success...] [tcp_server.hpp] [55]
[INFO] [1686812498] [get a new link...] [http_server.hpp] [44]
[INFO] [1686812498] [create thread pool sucess!] [thread_pool.hpp] [82]
[INFO] [1686812498] [handler request begin...] [process_protocol.hpp] [576]
[INFO] [1686812498] [get a new link...] [http_server.hpp] [44]
[INFO] [1686812498] [handler request begin...] [process_protocol.hpp] [576]
[INFO] [1686812498] [GET / HTTP/1.1] [process_protocol.hpp] [121]
[INFO] [1686812498] [Recv no error, Begin Build and Send] [process_protocol.hpp] [587]
[INFO] [1686812498] [wwwroot/index.html open success!] [process_protocol.hpp] [417]
[INFO] [1686812498] [handler request end...] [process_protocol.hpp] [598]
[INFO] [1686812498] [get a new link...] [http_server.hpp] [44]
[INFO] [1686812498] [handler request begin...] [process_protocol.hpp] [576]
[INFO] [1686812512] [GET / HTTP/1.1] [process_protocol.hpp] [121]
[INFO] [1686812512] [Recv no error, Begin Build and Send] [process_protocol.hpp] [587]
[INFO] [1686812512] [wwwroot/index.html open success!] [process_protocol.hpp] [417]
[INFO] [1686812512] [handler request end...] [process_protocol.hpp] [598]
[INFO] [1686812512] [get a new link...] [http_server.hpp] [44]
[INFO] [1686812512] [handler request begin...] [process_protocol.hpp] [576]
[INFO] [1686812529] [GET / HTTP/1.1] [process_protocol.hpp] [121]
[INFO] [1686812529] [Recv no error, Begin Build and Send] [process_protocol.hpp] [587]
[INFO] [1686812529] [wwwroot/index.html open success!] [process_protocol.hpp] [417]
[INFO] [1686812529] [handler request end...] [process_protocol.hpp] [598]
[INFO] [1686812529] [get a new link...] [http_server.hpp] [44]
[INFO] [1686812529] [handler request begin...] [process_protocol.hpp] [576]
[INFO] [1686812533] [GET / HTTP/1.1] [process_protocol.hpp] [121]
[INFO] [1686812533] [Recv no error, Begin Build and Send] [process_protocol.hpp] [587]
[INFO] [1686812533] [wwwroot/index.html open success!] [process_protocol.hpp] [417]
[INFO] [1686812533] [handler request end...] [process_protocol.hpp] [598]
[INFO] [1686812533] [get a new link...] [http_server.hpp] [44]
[INFO] [1686812533] [handler request begin...] [process_protocol.hpp] [576]
[WARNING] [1686812630] [Recv error, Stop Build and Send] [process_protocol.hpp] [592]
[INFO] [1686812630] [handler request end...] [process_protocol.hpp] [598]
[WARNING] [1686812630] [Recv error, Stop Build and Send] [process_protocol.hpp] [592]
[INFO] [1686812630] [handler request end...] [process_protocol.hpp] [598]
[INFO] [1686812631] [get a new link...] [http_server.hpp] [44]
[INFO] [1686812631] [handler request begin...] [process_protocol.hpp] [576]
[INFO] [1686812631] [GET / HTTP/1.1] [process_protocol.hpp] [121]
[INFO] [1686812631] [Recv no error, Begin Build and Send] [process_protocol.hpp] [587]
[INFO] [1686812631] [wwwroot/index.html open success!] [process_protocol.hpp] [417]
[INFO] [1686812631] [handler request end...] [process_protocol.hpp] [598]
[INFO] [1686812631] [get a new link...] [http_server.hpp] [44]
[INFO] [1686812631] [handler request begin...] [process_protocol.hpp] [576]
[INFO] [1686812631] [get a new link...] [http_server.hpp] [44]
[INFO] [1686812631] [handler request begin...] [process_protocol.hpp] [576]
[INFO] [1686812670] [get a new link...] [http_server.hpp] [44]
[INFO] [1686812670] [handler request begin...] [process_protocol.hpp] [576]
[INFO] [1686812670] [GET /MyGift/ForMyDad.html HTTP/1.1] [process_protocol.hpp] [121]
[INFO] [1686812670] [Recv no error, Begin Build and Send] [process_protocol.hpp] [587]
[INFO] [1686812670] [wwwroot/MyGift/ForMyDad.html open success!] [process_protocol.hpp] [417]
[INFO] [1686812670] [handler request end...] [process_protocol.hpp] [598]
[INFO] [1686812670] [get a new link...] [http_server.hpp] [44]
[INFO] [1686812670] [create thread pool sucess!] [thread_pool.hpp] [82]
[INFO] [1686812670] [handler request begin...] [process_protocol.hpp] [576]
[INFO] [1686812670] [GET /favicon.ico HTTP/1.1] [process_protocol.hpp] [121]
[INFO] [1686812670] [Recv no error, Begin Build and Send] [process_protocol.hpp] [587]
[WARNING] [1686812670] [wwwroot/favicon.ico NOT_FOUND] [process_protocol.hpp] [475]
[INFO] [1686812670] [handler request end...] [process_protocol.hpp] [598]
[INFO] [1686812675] [get a new link...] [http_server.hpp] [44]
[INFO] [1686812675] [handler request begin...] [process_protocol.hpp] [576]
[INFO] [1686812675] [GET / HTTP/1.1] [process_protocol.hpp] [121]
[INFO] [1686812675] [Recv no error, Begin Build and Send] [process_protocol.hpp] [587]
[INFO] [1686812675] [wwwroot/index.html open success!] [process_protocol.hpp] [417]
[INFO] [1686812675] [handler request end...] [process_protocol.hpp] [598]
[INFO] [1686812675] [get a new link...] [http_server.hpp] [44]
[INFO] [1686812675] [handler request begin...] [process_protocol.hpp] [576]
[INFO] [1686812675] [GET /favicon.ico HTTP/1.1] [process_protocol.hpp] [121]
[INFO] [1686812675] [Recv no error, Begin Build and Send] [process_protocol.hpp] [587]
[WARNING] [1686812675] [wwwroot/favicon.ico NOT_FOUND] [process_protocol.hpp] [475]
[INFO] [1686812675] [handler request end...] [process_protocol.hpp] [598]
[WARNING] [1686812717] [Recv error, Stop Build and Send] [process_protocol.hpp] [592]
[INFO] [1686812717] [handler request end...] [process_protocol.hpp] [598]
[WARNING] [1686812717] [Recv error, Stop Build and Send] [process_protocol.hpp] [592]
[INFO] [1686812717] [handler request end...] [process_protocol.hpp] [598]
[INFO] [1686812729] [get a new link...] [http_server.hpp] [44]
[INFO] [1686812729] [handler request begin...] [process_protocol.hpp] [576]
[INFO] [1686812729] [GET /MyGift/ForMyDad.html HTTP/1.1] [process_protocol.hpp] [121]
[INFO] [1686812729] [Recv no error, Begin Build and Send] [process_protocol.hpp] [587]
[INFO] [1686812729] [wwwroot/MyGift/ForMyDad.html open success!] [process_protocol.hpp] [417]
[INFO] [1686812730] [handler request end...] [process_protocol.hpp] [598]
[INFO] [1686812923] [get a new link...] [http_server.hpp] [44]
[INFO] [1686812923] [handler request begin...] [process_protocol.hpp] [576]
[INFO] [1686812923] [GET / HTTP/1.1] [process_protocol.hpp] [121]
[INFO] [1686812923] [Recv no error, Begin Build and Send] [process_protocol.hpp] [587]
[INFO] [1686812923] [wwwroot/index.html open success!] [process_protocol.hpp] [417]
[INFO] [1686812923] [handler request end...] [process_protocol.hpp] [598]
[INFO] [1686812923] [get a new link...] [http_server.hpp] [44]
[INFO] [1686812923] [handler request begin...] [process_protocol.hpp] [576]
[INFO] [1686812923] [GET /favicon.ico HTTP/1.1] [process_protocol.hpp] [121]
[INFO] [1686812923] [Recv no error, Begin Build and Send] [process_protocol.hpp] [587]
[WARNING] [1686812923] [wwwroot/favicon.ico NOT_FOUND] [process_protocol.hpp] [475]
[INFO] [1686812923] [handler request end...] [process_protocol.hpp] [598]
[INFO] [1686812929] [get a new link...] [http_server.hpp] [44]
[INFO] [1686812929] [handler request begin...] [process_protocol.hpp] [576]
[INFO] [1686812929] [GET /MyGift/ForMyDad.html HTTP/1.1] [process_protocol.hpp] [121]
[INFO] [1686812929] [Recv no error, Begin Build and Send] [process_protocol.hpp] [587]
[INFO] [1686812929] [wwwroot/MyGift/ForMyDad.html open success!] [process_protocol.hpp] [417]
[INFO] [1686812929] [handler request end...] [process_protocol.hpp] [598]
[INFO] [1686812929] [get a new link...] [http_server.hpp] [44]
[INFO] [1686812929] [handler request begin...] [process_protocol.hpp] [576]
[INFO] [1686812929] [GET /favicon.ico HTTP/1.1] [process_protocol.hpp] [121]
[INFO] [1686812929] [Recv no error, Begin Build and Send] [process_protocol.hpp] [587]
[WARNING] [1686812929] [wwwroot/favicon.ico NOT_FOUND] [process_protocol.hpp] [475]
[INFO] [1686812929] [handler request end...] [process_protocol.hpp] [598]
[INFO] [1686812938] [get a new link...] [http_server.hpp] [44]
[INFO] [1686812938] [handler request begin...] [process_protocol.hpp] [576]
[INFO] [1686812938] [GET /MyGift/ForMyUncleAndGrandfader.html HTTP/1.1] [process_protocol.hpp] [121]
[INFO] [1686812938] [Recv no error, Begin Build and Send] [process_protocol.hpp] [587]
[INFO] [1686812938] [wwwroot/MyGift/ForMyUncleAndGrandfader.html open success!] [process_protocol.hpp] [417]
[INFO] [1686812938] [handler request end...] [process_protocol.hpp] [598]
[INFO] [1686812938] [get a new link...] [http_server.hpp] [44]
[INFO] [1686812938] [handler request begin...] [process_protocol.hpp] [576]
[INFO] [1686812938] [GET /favicon.ico HTTP/1.1] [process_protocol.hpp] [121]
[INFO] [1686812938] [Recv no error, Begin Build and Send] [process_protocol.hpp] [587]
[WARNING] [1686812938] [wwwroot/favicon.ico NOT_FOUND] [process_protocol.hpp] [475]
[INFO] [1686812938] [handler request end...] [process_protocol.hpp] [598]
[INFO] [1686818663] [get a new link...] [http_server.hpp] [44]
[INFO] [1686818663] [create thread pool sucess!] [thread_pool.hpp] [82]
[INFO] [1686818663] [handler request begin...] [process_protocol.hpp] [576]
[INFO] [1686818663] [GET / HTTP/1.1] [process_protocol.hpp] [121]
[INFO] [1686818663] [Recv no error, Begin Build and Send] [process_protocol.hpp] [587]
[INFO] [1686818663] [wwwroot/index.html open success!] [process_protocol.hpp] [417]
[INFO] [1686818663] [handler request end...] [process_protocol.hpp] [598]
[INFO] [1686819082] [get a new link...] [http_server.hpp] [44]
[INFO] [1686819082] [handler request begin...] [process_protocol.hpp] [576]
[WARNING] [1686819088] [Recv error, Stop Build and Send] [process_protocol.hpp] [592]
[INFO] [1686819088] [handler request end...] [process_protocol.hpp] [598]
[INFO] [1686819088] [get a new link...] [http_server.hpp] [44]
[INFO] [1686819088] [handler request begin...] [process_protocol.hpp] [576]
[INFO] [1686819088] [GET / HTTP/1.0] [process_protocol.hpp] [121]
[INFO] [1686819088] [Recv no error, Begin Build and Send] [process_protocol.hpp] [587]
[INFO] [1686819088] [wwwroot/index.html open success!] [process_protocol.hpp] [417]
[INFO] [1686819088] [handler request end...] [process_protocol.hpp] [598]
[INFO] [1686822940] [get a new link...] [http_server.hpp] [44]
[INFO] [1686822940] [handler request begin...] [process_protocol.hpp] [576]
[INFO] [1686822940] [GET / HTTP/1.1] [process_protocol.hpp] [121]
[INFO] [1686822940] [Recv no error, Begin Build and Send] [process_protocol.hpp] [587]
[INFO] [1686822940] [wwwroot/index.html open success!] [process_protocol.hpp] [417]
[INFO] [1686822940] [handler request end...] [process_protocol.hpp] [598]
[INFO] [1686822940] [get a new link...] [http_server.hpp] [44]
[INFO] [1686822940] [handler request begin...] [process_protocol.hpp] [576]
[INFO] [1686822940] [GET /favicon.ico HTTP/1.1] [process_protocol.hpp] [121]
[INFO] [1686822940] [Recv no error, Begin Build and Send] [process_protocol.hpp] [587]
[WARNING] [1686822940] [wwwroot/favicon.ico NOT_FOUND] [process_protocol.hpp] [475]
[INFO] [1686822940] [handler request end...] [process_protocol.hpp] [598]
[INFO] [1686822940] [get a new link...] [http_server.hpp] [44]
[INFO] [1686822940] [handler request begin...] [process_protocol.hpp] [576]
[INFO] [1686822945] [POST /test_cgi HTTP/1.1] [process_protocol.hpp] [121]
[INFO] [1686822945] [body: x=200&y=4] [process_protocol.hpp] [203]
[INFO] [1686822945] [Recv no error, Begin Build and Send] [process_protocol.hpp] [587]
[INFO] [1686822945] [process cgi method!] [process_protocol.hpp] [285]
[INFO] [1686822945] [POST method, add Content-Length] [process_protocol.hpp] [345]
9
x=200
y=4
[INFO] [1686822945] [handler request end...] [process_protocol.hpp] [598]
[INFO] [1686822945] [get a new link...] [http_server.hpp] [44]
[INFO] [1686822945] [handler request begin...] [process_protocol.hpp] [576]
[INFO] [1686822945] [get a new link...] [http_server.hpp] [44]
[INFO] [1686822945] [handler request begin...] [process_protocol.hpp] [576]
[INFO] [1686823071] [get a new link...] [http_server.hpp] [44]
[INFO] [1686823071] [handler request begin...] [process_protocol.hpp] [576]
[INFO] [1686823071] [CONNECT www.baidu.com:443 HTTP/1.1] [process_protocol.hpp] [121]
[INFO] [1686823071] [Recv no error, Begin Build and Send] [process_protocol.hpp] [587]
[WARNING] [1686823071] [method is not right] [process_protocol.hpp] [432]
[INFO] [1686823071] [handler request end...] [process_protocol.hpp] [598]
[INFO] [1686823616] [get a new link...] [http_server.hpp] [44]
[INFO] [1686823616] [handler request begin...] [process_protocol.hpp] [576]
[INFO] [1686823616] [GET / HTTP/1.1] [process_protocol.hpp] [121]
[INFO] [1686823616] [Recv no error, Begin Build and Send] [process_protocol.hpp] [587]
[INFO] [1686823616] [wwwroot/index.html open success!] [process_protocol.hpp] [417]
[INFO] [1686823616] [handler request end...] [process_protocol.hpp] [598]
[INFO] [1686823616] [get a new link...] [http_server.hpp] [44]
[INFO] [1686823616] [create thread pool sucess!] [thread_pool.hpp] [82]
[INFO] [1686823616] [handler request begin...] [process_protocol.hpp] [576]
[INFO] [1686823616] [get a new link...] [http_server.hpp] [44]
[INFO] [1686823616] [handler request begin...] [process_protocol.hpp] [576]
